ERROR - 2026-05-13 08:35:56 --> Error connecting to the database: Error: Class "SQLite3" not found in /home/itu/Documents/WEB/CONGERS/Conge/system/Database/SQLite3/Connection.php:111
Stack trace:
#0 /home/itu/Documents/WEB/CONGERS/Conge/system/Database/BaseConnection.php(555): CodeIgniter\Database\SQLite3\Connection->connect()
#1 /home/itu/Documents/WEB/CONGERS/Conge/system/Database/SQLite3/Connection.php(74): CodeIgniter\Database\BaseConnection->initialize()
#2 /home/itu/Documents/WEB/CONGERS/Conge/system/Database/BaseConnection.php(795): CodeIgniter\Database\SQLite3\Connection->initialize()
#3 /home/itu/Documents/WEB/CONGERS/Conge/system/Database/BaseBuilder.php(1649): CodeIgniter\Database\BaseConnection->query()
#4 /home/itu/Documents/WEB/CONGERS/Conge/system/Model.php(295): CodeIgniter\Database\BaseBuilder->get()
#5 /home/itu/Documents/WEB/CONGERS/Conge/system/BaseModel.php(714): CodeIgniter\Model->doFirst()
#6 /home/itu/Documents/WEB/CONGERS/Conge/app/Models/UserModel.php(25): CodeIgniter\BaseModel->first()
#7 /home/itu/Documents/WEB/CONGERS/Conge/app/Controllers/AuthController.php(38): App\Models\UserModel->findByEmail()
#8 /home/itu/Documents/WEB/CONGERS/Conge/system/CodeIgniter.php(951): App\Controllers\AuthController->attempt()
#9 /home/itu/Documents/WEB/CONGERS/Conge/system/CodeIgniter.php(497): CodeIgniter\CodeIgniter->runController()
#10 /home/itu/Documents/WEB/CONGERS/Conge/system/CodeIgniter.php(340): CodeIgniter\CodeIgniter->handleRequest()
#11 /home/itu/Documents/WEB/CONGERS/Conge/system/Boot.php(417): CodeIgniter\CodeIgniter->run()
#12 /home/itu/Documents/WEB/CONGERS/Conge/system/Boot.php(68): CodeIgniter\Boot::runCodeIgniter()
#13 /home/itu/Documents/WEB/CONGERS/Conge/public/index.php(59): CodeIgniter\Boot::bootWeb()
#14 {main}
CRITICAL - 2026-05-13 08:35:56 --> CodeIgniter\Database\Exceptions\DatabaseException: Unable to connect to the database.
Main connection [SQLite3]: Class "SQLite3" not found
[Method: POST, Route: login]
in SYSTEMPATH/Database/BaseConnection.php on line 606.
 1 SYSTEMPATH/Database/SQLite3/Connection.php(74): CodeIgniter\Database\BaseConnection->initialize()
 2 SYSTEMPATH/Database/BaseConnection.php(795): CodeIgniter\Database\SQLite3\Connection->initialize()
 3 SYSTEMPATH/Database/BaseBuilder.php(1649): CodeIgniter\Database\BaseConnection->query()
 4 SYSTEMPATH/Model.php(295): CodeIgniter\Database\BaseBuilder->get()
 5 SYSTEMPATH/BaseModel.php(714): CodeIgniter\Model->doFirst()
 6 APPPATH/Models/UserModel.php(25): CodeIgniter\BaseModel->first()
 7 APPPATH/Controllers/AuthController.php(38): App\Models\UserModel->findByEmail()
 8 SYSTEMPATH/CodeIgniter.php(951): App\Controllers\AuthController->attempt()
 9 SYSTEMPATH/CodeIgniter.php(497): CodeIgniter\CodeIgniter->runController()
10 SYSTEMPATH/CodeIgniter.php(340): CodeIgniter\CodeIgniter->handleRequest()
11 SYSTEMPATH/Boot.php(417): CodeIgniter\CodeIgniter->run()
12 SYSTEMPATH/Boot.php(68): CodeIgniter\Boot::runCodeIgniter()
13 FCPATH/index.php(59): CodeIgniter\Boot::bootWeb()
ERROR - 2026-05-13 08:38:39 --> Error connecting to the database: Error: Class "SQLite3" not found in /home/itu/Documents/WEB/CONGERS/Conge/system/Database/SQLite3/Connection.php:111
Stack trace:
#0 /home/itu/Documents/WEB/CONGERS/Conge/system/Database/BaseConnection.php(555): CodeIgniter\Database\SQLite3\Connection->connect()
#1 /home/itu/Documents/WEB/CONGERS/Conge/system/Database/SQLite3/Connection.php(74): CodeIgniter\Database\BaseConnection->initialize()
#2 /home/itu/Documents/WEB/CONGERS/Conge/system/Database/BaseConnection.php(795): CodeIgniter\Database\SQLite3\Connection->initialize()
#3 /home/itu/Documents/WEB/CONGERS/Conge/system/Database/BaseConnection.php(1706): CodeIgniter\Database\BaseConnection->query()
#4 /home/itu/Documents/WEB/CONGERS/Conge/system/Database/BaseConnection.php(1726): CodeIgniter\Database\BaseConnection->listTables()
#5 /home/itu/Documents/WEB/CONGERS/Conge/system/Database/MigrationRunner.php(821): CodeIgniter\Database\BaseConnection->tableExists()
#6 /home/itu/Documents/WEB/CONGERS/Conge/system/Database/MigrationRunner.php(173): CodeIgniter\Database\MigrationRunner->ensureTable()
#7 /home/itu/Documents/WEB/CONGERS/Conge/system/Commands/Database/Migrate.php(89): CodeIgniter\Database\MigrationRunner->latest()
#8 /home/itu/Documents/WEB/CONGERS/Conge/system/CLI/SignalTrait.php(245): CodeIgniter\Commands\Database\Migrate::{closure:CodeIgniter\Commands\Database\Migrate::run():88}()
#9 /home/itu/Documents/WEB/CONGERS/Conge/system/Commands/Database/Migrate.php(88): CodeIgniter\Commands\Database\Migrate->withSignalsBlocked()
#10 /home/itu/Documents/WEB/CONGERS/Conge/system/CLI/Commands.php(74): CodeIgniter\Commands\Database\Migrate->run()
#11 /home/itu/Documents/WEB/CONGERS/Conge/system/CLI/Console.php(47): CodeIgniter\CLI\Commands->run()
#12 /home/itu/Documents/WEB/CONGERS/Conge/system/Boot.php(442): CodeIgniter\CLI\Console->run()
#13 /home/itu/Documents/WEB/CONGERS/Conge/system/Boot.php(166): CodeIgniter\Boot::runCommand()
#14 /home/itu/Documents/WEB/CONGERS/Conge/spark(87): CodeIgniter\Boot::bootSpark()
#15 {main}
ERROR - 2026-05-13 08:41:41 --> Error connecting to the database: Exception: Unable to open database: unable to open database file in /home/itu/Documents/WEB/CONGERS/Conge/system/Database/SQLite3/Connection.php:111
Stack trace:
#0 /home/itu/Documents/WEB/CONGERS/Conge/system/Database/SQLite3/Connection.php(111): SQLite3->__construct()
#1 /home/itu/Documents/WEB/CONGERS/Conge/system/Database/BaseConnection.php(555): CodeIgniter\Database\SQLite3\Connection->connect()
#2 /home/itu/Documents/WEB/CONGERS/Conge/system/Database/SQLite3/Connection.php(74): CodeIgniter\Database\BaseConnection->initialize()
#3 /home/itu/Documents/WEB/CONGERS/Conge/system/Database/BaseConnection.php(795): CodeIgniter\Database\SQLite3\Connection->initialize()
#4 /home/itu/Documents/WEB/CONGERS/Conge/system/Database/BaseConnection.php(1706): CodeIgniter\Database\BaseConnection->query()
#5 /home/itu/Documents/WEB/CONGERS/Conge/system/Database/BaseConnection.php(1726): CodeIgniter\Database\BaseConnection->listTables()
#6 /home/itu/Documents/WEB/CONGERS/Conge/system/Database/MigrationRunner.php(821): CodeIgniter\Database\BaseConnection->tableExists()
#7 /home/itu/Documents/WEB/CONGERS/Conge/system/Database/MigrationRunner.php(173): CodeIgniter\Database\MigrationRunner->ensureTable()
#8 /home/itu/Documents/WEB/CONGERS/Conge/system/Commands/Database/Migrate.php(89): CodeIgniter\Database\MigrationRunner->latest()
#9 /home/itu/Documents/WEB/CONGERS/Conge/system/CLI/SignalTrait.php(245): CodeIgniter\Commands\Database\Migrate::{closure:CodeIgniter\Commands\Database\Migrate::run():88}()
#10 /home/itu/Documents/WEB/CONGERS/Conge/system/Commands/Database/Migrate.php(88): CodeIgniter\Commands\Database\Migrate->withSignalsBlocked()
#11 /home/itu/Documents/WEB/CONGERS/Conge/system/CLI/Commands.php(74): CodeIgniter\Commands\Database\Migrate->run()
#12 /home/itu/Documents/WEB/CONGERS/Conge/system/CLI/Console.php(47): CodeIgniter\CLI\Commands->run()
#13 /home/itu/Documents/WEB/CONGERS/Conge/system/Boot.php(442): CodeIgniter\CLI\Console->run()
#14 /home/itu/Documents/WEB/CONGERS/Conge/system/Boot.php(166): CodeIgniter\Boot::runCommand()
#15 /home/itu/Documents/WEB/CONGERS/Conge/spark(87): CodeIgniter\Boot::bootSpark()
#16 {main}

Next CodeIgniter\Database\Exceptions\DatabaseException: SQLite3 error: Unable to open database: unable to open database file in /home/itu/Documents/WEB/CONGERS/Conge/system/Database/SQLite3/Connection.php:118
Stack trace:
#0 /home/itu/Documents/WEB/CONGERS/Conge/system/Database/BaseConnection.php(555): CodeIgniter\Database\SQLite3\Connection->connect()
#1 /home/itu/Documents/WEB/CONGERS/Conge/system/Database/SQLite3/Connection.php(74): CodeIgniter\Database\BaseConnection->initialize()
#2 /home/itu/Documents/WEB/CONGERS/Conge/system/Database/BaseConnection.php(795): CodeIgniter\Database\SQLite3\Connection->initialize()
#3 /home/itu/Documents/WEB/CONGERS/Conge/system/Database/BaseConnection.php(1706): CodeIgniter\Database\BaseConnection->query()
#4 /home/itu/Documents/WEB/CONGERS/Conge/system/Database/BaseConnection.php(1726): CodeIgniter\Database\BaseConnection->listTables()
#5 /home/itu/Documents/WEB/CONGERS/Conge/system/Database/MigrationRunner.php(821): CodeIgniter\Database\BaseConnection->tableExists()
#6 /home/itu/Documents/WEB/CONGERS/Conge/system/Database/MigrationRunner.php(173): CodeIgniter\Database\MigrationRunner->ensureTable()
#7 /home/itu/Documents/WEB/CONGERS/Conge/system/Commands/Database/Migrate.php(89): CodeIgniter\Database\MigrationRunner->latest()
#8 /home/itu/Documents/WEB/CONGERS/Conge/system/CLI/SignalTrait.php(245): CodeIgniter\Commands\Database\Migrate::{closure:CodeIgniter\Commands\Database\Migrate::run():88}()
#9 /home/itu/Documents/WEB/CONGERS/Conge/system/Commands/Database/Migrate.php(88): CodeIgniter\Commands\Database\Migrate->withSignalsBlocked()
#10 /home/itu/Documents/WEB/CONGERS/Conge/system/CLI/Commands.php(74): CodeIgniter\Commands\Database\Migrate->run()
#11 /home/itu/Documents/WEB/CONGERS/Conge/system/CLI/Console.php(47): CodeIgniter\CLI\Commands->run()
#12 /home/itu/Documents/WEB/CONGERS/Conge/system/Boot.php(442): CodeIgniter\CLI\Console->run()
#13 /home/itu/Documents/WEB/CONGERS/Conge/system/Boot.php(166): CodeIgniter\Boot::runCommand()
#14 /home/itu/Documents/WEB/CONGERS/Conge/spark(87): CodeIgniter\Boot::bootSpark()
#15 {main}
ERROR - 2026-05-13 08:44:10 --> Error connecting to the database: Exception: Unable to open database: unable to open database file in /home/itu/Documents/WEB/CONGERS/Conge/system/Database/SQLite3/Connection.php:111
Stack trace:
#0 /home/itu/Documents/WEB/CONGERS/Conge/system/Database/SQLite3/Connection.php(111): SQLite3->__construct()
#1 /home/itu/Documents/WEB/CONGERS/Conge/system/Database/BaseConnection.php(555): CodeIgniter\Database\SQLite3\Connection->connect()
#2 /home/itu/Documents/WEB/CONGERS/Conge/system/Database/SQLite3/Connection.php(74): CodeIgniter\Database\BaseConnection->initialize()
#3 /home/itu/Documents/WEB/CONGERS/Conge/system/Database/BaseConnection.php(795): CodeIgniter\Database\SQLite3\Connection->initialize()
#4 /home/itu/Documents/WEB/CONGERS/Conge/system/Database/BaseConnection.php(1706): CodeIgniter\Database\BaseConnection->query()
#5 /home/itu/Documents/WEB/CONGERS/Conge/system/Database/BaseConnection.php(1726): CodeIgniter\Database\BaseConnection->listTables()
#6 /home/itu/Documents/WEB/CONGERS/Conge/system/Database/MigrationRunner.php(821): CodeIgniter\Database\BaseConnection->tableExists()
#7 /home/itu/Documents/WEB/CONGERS/Conge/system/Database/MigrationRunner.php(173): CodeIgniter\Database\MigrationRunner->ensureTable()
#8 /home/itu/Documents/WEB/CONGERS/Conge/system/Commands/Database/Migrate.php(89): CodeIgniter\Database\MigrationRunner->latest()
#9 /home/itu/Documents/WEB/CONGERS/Conge/system/CLI/SignalTrait.php(245): CodeIgniter\Commands\Database\Migrate::{closure:CodeIgniter\Commands\Database\Migrate::run():88}()
#10 /home/itu/Documents/WEB/CONGERS/Conge/system/Commands/Database/Migrate.php(88): CodeIgniter\Commands\Database\Migrate->withSignalsBlocked()
#11 /home/itu/Documents/WEB/CONGERS/Conge/system/CLI/Commands.php(74): CodeIgniter\Commands\Database\Migrate->run()
#12 /home/itu/Documents/WEB/CONGERS/Conge/system/CLI/Console.php(47): CodeIgniter\CLI\Commands->run()
#13 /home/itu/Documents/WEB/CONGERS/Conge/system/Boot.php(442): CodeIgniter\CLI\Console->run()
#14 /home/itu/Documents/WEB/CONGERS/Conge/system/Boot.php(166): CodeIgniter\Boot::runCommand()
#15 /home/itu/Documents/WEB/CONGERS/Conge/spark(87): CodeIgniter\Boot::bootSpark()
#16 {main}

Next CodeIgniter\Database\Exceptions\DatabaseException: SQLite3 error: Unable to open database: unable to open database file in /home/itu/Documents/WEB/CONGERS/Conge/system/Database/SQLite3/Connection.php:118
Stack trace:
#0 /home/itu/Documents/WEB/CONGERS/Conge/system/Database/BaseConnection.php(555): CodeIgniter\Database\SQLite3\Connection->connect()
#1 /home/itu/Documents/WEB/CONGERS/Conge/system/Database/SQLite3/Connection.php(74): CodeIgniter\Database\BaseConnection->initialize()
#2 /home/itu/Documents/WEB/CONGERS/Conge/system/Database/BaseConnection.php(795): CodeIgniter\Database\SQLite3\Connection->initialize()
#3 /home/itu/Documents/WEB/CONGERS/Conge/system/Database/BaseConnection.php(1706): CodeIgniter\Database\BaseConnection->query()
#4 /home/itu/Documents/WEB/CONGERS/Conge/system/Database/BaseConnection.php(1726): CodeIgniter\Database\BaseConnection->listTables()
#5 /home/itu/Documents/WEB/CONGERS/Conge/system/Database/MigrationRunner.php(821): CodeIgniter\Database\BaseConnection->tableExists()
#6 /home/itu/Documents/WEB/CONGERS/Conge/system/Database/MigrationRunner.php(173): CodeIgniter\Database\MigrationRunner->ensureTable()
#7 /home/itu/Documents/WEB/CONGERS/Conge/system/Commands/Database/Migrate.php(89): CodeIgniter\Database\MigrationRunner->latest()
#8 /home/itu/Documents/WEB/CONGERS/Conge/system/CLI/SignalTrait.php(245): CodeIgniter\Commands\Database\Migrate::{closure:CodeIgniter\Commands\Database\Migrate::run():88}()
#9 /home/itu/Documents/WEB/CONGERS/Conge/system/Commands/Database/Migrate.php(88): CodeIgniter\Commands\Database\Migrate->withSignalsBlocked()
#10 /home/itu/Documents/WEB/CONGERS/Conge/system/CLI/Commands.php(74): CodeIgniter\Commands\Database\Migrate->run()
#11 /home/itu/Documents/WEB/CONGERS/Conge/system/CLI/Console.php(47): CodeIgniter\CLI\Commands->run()
#12 /home/itu/Documents/WEB/CONGERS/Conge/system/Boot.php(442): CodeIgniter\CLI\Console->run()
#13 /home/itu/Documents/WEB/CONGERS/Conge/system/Boot.php(166): CodeIgniter\Boot::runCommand()
#14 /home/itu/Documents/WEB/CONGERS/Conge/spark(87): CodeIgniter\Boot::bootSpark()
#15 {main}
ERROR - 2026-05-13 08:45:28 --> Error connecting to the database: Exception: Unable to open database: unable to open database file in /home/itu/Documents/WEB/CONGERS/Conge/system/Database/SQLite3/Connection.php:111
Stack trace:
#0 /home/itu/Documents/WEB/CONGERS/Conge/system/Database/SQLite3/Connection.php(111): SQLite3->__construct()
#1 /home/itu/Documents/WEB/CONGERS/Conge/system/Database/BaseConnection.php(555): CodeIgniter\Database\SQLite3\Connection->connect()
#2 /home/itu/Documents/WEB/CONGERS/Conge/system/Database/SQLite3/Connection.php(74): CodeIgniter\Database\BaseConnection->initialize()
#3 /home/itu/Documents/WEB/CONGERS/Conge/system/Database/BaseConnection.php(795): CodeIgniter\Database\SQLite3\Connection->initialize()
#4 /home/itu/Documents/WEB/CONGERS/Conge/system/Database/BaseConnection.php(1706): CodeIgniter\Database\BaseConnection->query()
#5 /home/itu/Documents/WEB/CONGERS/Conge/system/Database/BaseConnection.php(1726): CodeIgniter\Database\BaseConnection->listTables()
#6 /home/itu/Documents/WEB/CONGERS/Conge/system/Database/MigrationRunner.php(821): CodeIgniter\Database\BaseConnection->tableExists()
#7 /home/itu/Documents/WEB/CONGERS/Conge/system/Database/MigrationRunner.php(173): CodeIgniter\Database\MigrationRunner->ensureTable()
#8 /home/itu/Documents/WEB/CONGERS/Conge/system/Commands/Database/Migrate.php(89): CodeIgniter\Database\MigrationRunner->latest()
#9 /home/itu/Documents/WEB/CONGERS/Conge/system/CLI/SignalTrait.php(245): CodeIgniter\Commands\Database\Migrate::{closure:CodeIgniter\Commands\Database\Migrate::run():88}()
#10 /home/itu/Documents/WEB/CONGERS/Conge/system/Commands/Database/Migrate.php(88): CodeIgniter\Commands\Database\Migrate->withSignalsBlocked()
#11 /home/itu/Documents/WEB/CONGERS/Conge/system/CLI/Commands.php(74): CodeIgniter\Commands\Database\Migrate->run()
#12 /home/itu/Documents/WEB/CONGERS/Conge/system/CLI/Console.php(47): CodeIgniter\CLI\Commands->run()
#13 /home/itu/Documents/WEB/CONGERS/Conge/system/Boot.php(442): CodeIgniter\CLI\Console->run()
#14 /home/itu/Documents/WEB/CONGERS/Conge/system/Boot.php(166): CodeIgniter\Boot::runCommand()
#15 /home/itu/Documents/WEB/CONGERS/Conge/spark(87): CodeIgniter\Boot::bootSpark()
#16 {main}

Next CodeIgniter\Database\Exceptions\DatabaseException: SQLite3 error: Unable to open database: unable to open database file in /home/itu/Documents/WEB/CONGERS/Conge/system/Database/SQLite3/Connection.php:118
Stack trace:
#0 /home/itu/Documents/WEB/CONGERS/Conge/system/Database/BaseConnection.php(555): CodeIgniter\Database\SQLite3\Connection->connect()
#1 /home/itu/Documents/WEB/CONGERS/Conge/system/Database/SQLite3/Connection.php(74): CodeIgniter\Database\BaseConnection->initialize()
#2 /home/itu/Documents/WEB/CONGERS/Conge/system/Database/BaseConnection.php(795): CodeIgniter\Database\SQLite3\Connection->initialize()
#3 /home/itu/Documents/WEB/CONGERS/Conge/system/Database/BaseConnection.php(1706): CodeIgniter\Database\BaseConnection->query()
#4 /home/itu/Documents/WEB/CONGERS/Conge/system/Database/BaseConnection.php(1726): CodeIgniter\Database\BaseConnection->listTables()
#5 /home/itu/Documents/WEB/CONGERS/Conge/system/Database/MigrationRunner.php(821): CodeIgniter\Database\BaseConnection->tableExists()
#6 /home/itu/Documents/WEB/CONGERS/Conge/system/Database/MigrationRunner.php(173): CodeIgniter\Database\MigrationRunner->ensureTable()
#7 /home/itu/Documents/WEB/CONGERS/Conge/system/Commands/Database/Migrate.php(89): CodeIgniter\Database\MigrationRunner->latest()
#8 /home/itu/Documents/WEB/CONGERS/Conge/system/CLI/SignalTrait.php(245): CodeIgniter\Commands\Database\Migrate::{closure:CodeIgniter\Commands\Database\Migrate::run():88}()
#9 /home/itu/Documents/WEB/CONGERS/Conge/system/Commands/Database/Migrate.php(88): CodeIgniter\Commands\Database\Migrate->withSignalsBlocked()
#10 /home/itu/Documents/WEB/CONGERS/Conge/system/CLI/Commands.php(74): CodeIgniter\Commands\Database\Migrate->run()
#11 /home/itu/Documents/WEB/CONGERS/Conge/system/CLI/Console.php(47): CodeIgniter\CLI\Commands->run()
#12 /home/itu/Documents/WEB/CONGERS/Conge/system/Boot.php(442): CodeIgniter\CLI\Console->run()
#13 /home/itu/Documents/WEB/CONGERS/Conge/system/Boot.php(166): CodeIgniter\Boot::runCommand()
#14 /home/itu/Documents/WEB/CONGERS/Conge/spark(87): CodeIgniter\Boot::bootSpark()
#15 {main}
ERROR - 2026-05-13 08:49:07 --> Error connecting to the database: Exception: Unable to open database: unable to open database file in /home/itu/Documents/WEB/CONGERS/Conge/system/Database/SQLite3/Connection.php:111
Stack trace:
#0 /home/itu/Documents/WEB/CONGERS/Conge/system/Database/SQLite3/Connection.php(111): SQLite3->__construct()
#1 /home/itu/Documents/WEB/CONGERS/Conge/system/Database/BaseConnection.php(555): CodeIgniter\Database\SQLite3\Connection->connect()
#2 /home/itu/Documents/WEB/CONGERS/Conge/system/Database/SQLite3/Connection.php(74): CodeIgniter\Database\BaseConnection->initialize()
#3 /home/itu/Documents/WEB/CONGERS/Conge/system/Database/BaseConnection.php(795): CodeIgniter\Database\SQLite3\Connection->initialize()
#4 /home/itu/Documents/WEB/CONGERS/Conge/system/Database/BaseConnection.php(1706): CodeIgniter\Database\BaseConnection->query()
#5 /home/itu/Documents/WEB/CONGERS/Conge/system/Database/BaseConnection.php(1726): CodeIgniter\Database\BaseConnection->listTables()
#6 /home/itu/Documents/WEB/CONGERS/Conge/system/Database/MigrationRunner.php(821): CodeIgniter\Database\BaseConnection->tableExists()
#7 /home/itu/Documents/WEB/CONGERS/Conge/system/Database/MigrationRunner.php(173): CodeIgniter\Database\MigrationRunner->ensureTable()
#8 /home/itu/Documents/WEB/CONGERS/Conge/system/Commands/Database/Migrate.php(89): CodeIgniter\Database\MigrationRunner->latest()
#9 /home/itu/Documents/WEB/CONGERS/Conge/system/CLI/SignalTrait.php(245): CodeIgniter\Commands\Database\Migrate::{closure:CodeIgniter\Commands\Database\Migrate::run():88}()
#10 /home/itu/Documents/WEB/CONGERS/Conge/system/Commands/Database/Migrate.php(88): CodeIgniter\Commands\Database\Migrate->withSignalsBlocked()
#11 /home/itu/Documents/WEB/CONGERS/Conge/system/CLI/Commands.php(74): CodeIgniter\Commands\Database\Migrate->run()
#12 /home/itu/Documents/WEB/CONGERS/Conge/system/CLI/Console.php(47): CodeIgniter\CLI\Commands->run()
#13 /home/itu/Documents/WEB/CONGERS/Conge/system/Boot.php(442): CodeIgniter\CLI\Console->run()
#14 /home/itu/Documents/WEB/CONGERS/Conge/system/Boot.php(166): CodeIgniter\Boot::runCommand()
#15 /home/itu/Documents/WEB/CONGERS/Conge/spark(87): CodeIgniter\Boot::bootSpark()
#16 {main}

Next CodeIgniter\Database\Exceptions\DatabaseException: SQLite3 error: Unable to open database: unable to open database file in /home/itu/Documents/WEB/CONGERS/Conge/system/Database/SQLite3/Connection.php:118
Stack trace:
#0 /home/itu/Documents/WEB/CONGERS/Conge/system/Database/BaseConnection.php(555): CodeIgniter\Database\SQLite3\Connection->connect()
#1 /home/itu/Documents/WEB/CONGERS/Conge/system/Database/SQLite3/Connection.php(74): CodeIgniter\Database\BaseConnection->initialize()
#2 /home/itu/Documents/WEB/CONGERS/Conge/system/Database/BaseConnection.php(795): CodeIgniter\Database\SQLite3\Connection->initialize()
#3 /home/itu/Documents/WEB/CONGERS/Conge/system/Database/BaseConnection.php(1706): CodeIgniter\Database\BaseConnection->query()
#4 /home/itu/Documents/WEB/CONGERS/Conge/system/Database/BaseConnection.php(1726): CodeIgniter\Database\BaseConnection->listTables()
#5 /home/itu/Documents/WEB/CONGERS/Conge/system/Database/MigrationRunner.php(821): CodeIgniter\Database\BaseConnection->tableExists()
#6 /home/itu/Documents/WEB/CONGERS/Conge/system/Database/MigrationRunner.php(173): CodeIgniter\Database\MigrationRunner->ensureTable()
#7 /home/itu/Documents/WEB/CONGERS/Conge/system/Commands/Database/Migrate.php(89): CodeIgniter\Database\MigrationRunner->latest()
#8 /home/itu/Documents/WEB/CONGERS/Conge/system/CLI/SignalTrait.php(245): CodeIgniter\Commands\Database\Migrate::{closure:CodeIgniter\Commands\Database\Migrate::run():88}()
#9 /home/itu/Documents/WEB/CONGERS/Conge/system/Commands/Database/Migrate.php(88): CodeIgniter\Commands\Database\Migrate->withSignalsBlocked()
#10 /home/itu/Documents/WEB/CONGERS/Conge/system/CLI/Commands.php(74): CodeIgniter\Commands\Database\Migrate->run()
#11 /home/itu/Documents/WEB/CONGERS/Conge/system/CLI/Console.php(47): CodeIgniter\CLI\Commands->run()
#12 /home/itu/Documents/WEB/CONGERS/Conge/system/Boot.php(442): CodeIgniter\CLI\Console->run()
#13 /home/itu/Documents/WEB/CONGERS/Conge/system/Boot.php(166): CodeIgniter\Boot::runCommand()
#14 /home/itu/Documents/WEB/CONGERS/Conge/spark(87): CodeIgniter\Boot::bootSpark()
#15 {main}
ERROR - 2026-05-13 08:49:37 --> Error connecting to the database: Exception: Unable to open database: unable to open database file in /home/itu/Documents/WEB/CONGERS/Conge/system/Database/SQLite3/Connection.php:111
Stack trace:
#0 /home/itu/Documents/WEB/CONGERS/Conge/system/Database/SQLite3/Connection.php(111): SQLite3->__construct()
#1 /home/itu/Documents/WEB/CONGERS/Conge/system/Database/BaseConnection.php(555): CodeIgniter\Database\SQLite3\Connection->connect()
#2 /home/itu/Documents/WEB/CONGERS/Conge/system/Database/SQLite3/Connection.php(74): CodeIgniter\Database\BaseConnection->initialize()
#3 /home/itu/Documents/WEB/CONGERS/Conge/system/Database/BaseConnection.php(795): CodeIgniter\Database\SQLite3\Connection->initialize()
#4 /home/itu/Documents/WEB/CONGERS/Conge/system/Database/BaseConnection.php(1706): CodeIgniter\Database\BaseConnection->query()
#5 /home/itu/Documents/WEB/CONGERS/Conge/system/Database/BaseConnection.php(1726): CodeIgniter\Database\BaseConnection->listTables()
#6 /home/itu/Documents/WEB/CONGERS/Conge/system/Database/MigrationRunner.php(821): CodeIgniter\Database\BaseConnection->tableExists()
#7 /home/itu/Documents/WEB/CONGERS/Conge/system/Database/MigrationRunner.php(173): CodeIgniter\Database\MigrationRunner->ensureTable()
#8 /home/itu/Documents/WEB/CONGERS/Conge/system/Commands/Database/Migrate.php(89): CodeIgniter\Database\MigrationRunner->latest()
#9 /home/itu/Documents/WEB/CONGERS/Conge/system/CLI/SignalTrait.php(245): CodeIgniter\Commands\Database\Migrate::{closure:CodeIgniter\Commands\Database\Migrate::run():88}()
#10 /home/itu/Documents/WEB/CONGERS/Conge/system/Commands/Database/Migrate.php(88): CodeIgniter\Commands\Database\Migrate->withSignalsBlocked()
#11 /home/itu/Documents/WEB/CONGERS/Conge/system/CLI/Commands.php(74): CodeIgniter\Commands\Database\Migrate->run()
#12 /home/itu/Documents/WEB/CONGERS/Conge/system/CLI/Console.php(47): CodeIgniter\CLI\Commands->run()
#13 /home/itu/Documents/WEB/CONGERS/Conge/system/Boot.php(442): CodeIgniter\CLI\Console->run()
#14 /home/itu/Documents/WEB/CONGERS/Conge/system/Boot.php(166): CodeIgniter\Boot::runCommand()
#15 /home/itu/Documents/WEB/CONGERS/Conge/spark(87): CodeIgniter\Boot::bootSpark()
#16 {main}

Next CodeIgniter\Database\Exceptions\DatabaseException: SQLite3 error: Unable to open database: unable to open database file in /home/itu/Documents/WEB/CONGERS/Conge/system/Database/SQLite3/Connection.php:118
Stack trace:
#0 /home/itu/Documents/WEB/CONGERS/Conge/system/Database/BaseConnection.php(555): CodeIgniter\Database\SQLite3\Connection->connect()
#1 /home/itu/Documents/WEB/CONGERS/Conge/system/Database/SQLite3/Connection.php(74): CodeIgniter\Database\BaseConnection->initialize()
#2 /home/itu/Documents/WEB/CONGERS/Conge/system/Database/BaseConnection.php(795): CodeIgniter\Database\SQLite3\Connection->initialize()
#3 /home/itu/Documents/WEB/CONGERS/Conge/system/Database/BaseConnection.php(1706): CodeIgniter\Database\BaseConnection->query()
#4 /home/itu/Documents/WEB/CONGERS/Conge/system/Database/BaseConnection.php(1726): CodeIgniter\Database\BaseConnection->listTables()
#5 /home/itu/Documents/WEB/CONGERS/Conge/system/Database/MigrationRunner.php(821): CodeIgniter\Database\BaseConnection->tableExists()
#6 /home/itu/Documents/WEB/CONGERS/Conge/system/Database/MigrationRunner.php(173): CodeIgniter\Database\MigrationRunner->ensureTable()
#7 /home/itu/Documents/WEB/CONGERS/Conge/system/Commands/Database/Migrate.php(89): CodeIgniter\Database\MigrationRunner->latest()
#8 /home/itu/Documents/WEB/CONGERS/Conge/system/CLI/SignalTrait.php(245): CodeIgniter\Commands\Database\Migrate::{closure:CodeIgniter\Commands\Database\Migrate::run():88}()
#9 /home/itu/Documents/WEB/CONGERS/Conge/system/Commands/Database/Migrate.php(88): CodeIgniter\Commands\Database\Migrate->withSignalsBlocked()
#10 /home/itu/Documents/WEB/CONGERS/Conge/system/CLI/Commands.php(74): CodeIgniter\Commands\Database\Migrate->run()
#11 /home/itu/Documents/WEB/CONGERS/Conge/system/CLI/Console.php(47): CodeIgniter\CLI\Commands->run()
#12 /home/itu/Documents/WEB/CONGERS/Conge/system/Boot.php(442): CodeIgniter\CLI\Console->run()
#13 /home/itu/Documents/WEB/CONGERS/Conge/system/Boot.php(166): CodeIgniter\Boot::runCommand()
#14 /home/itu/Documents/WEB/CONGERS/Conge/spark(87): CodeIgniter\Boot::bootSpark()
#15 {main}
ERROR - 2026-05-13 08:50:41 --> view reste_conges already exists
in SYSTEMPATH/Database/SQLite3/Connection.php on line 163.
 1 SYSTEMPATH/Database/SQLite3/Connection.php(163): SQLite3->exec()
 2 SYSTEMPATH/Database/BaseConnection.php(910): CodeIgniter\Database\SQLite3\Connection->execute()
 3 SYSTEMPATH/Database/BaseConnection.php(827): CodeIgniter\Database\BaseConnection->simpleQuery()
 4 APPPATH/Database/Migrations/2026-05-13-000001_CreateCongeTables.php(233): CodeIgniter\Database\BaseConnection->query()
 5 SYSTEMPATH/Database/MigrationRunner.php(1014): App\Database\Migrations\CreateCongeTables->up()
 6 SYSTEMPATH/Database/MigrationRunner.php(202): CodeIgniter\Database\MigrationRunner->migrate()
 7 SYSTEMPATH/Commands/Database/Migrate.php(89): CodeIgniter\Database\MigrationRunner->latest()
 8 SYSTEMPATH/CLI/SignalTrait.php(245): CodeIgniter\Commands\Database\Migrate::{closure:CodeIgniter\Commands\Database\Migrate::run():88}()
 9 SYSTEMPATH/Commands/Database/Migrate.php(88): CodeIgniter\Commands\Database\Migrate->withSignalsBlocked()
10 SYSTEMPATH/CLI/Commands.php(74): CodeIgniter\Commands\Database\Migrate->run()
11 SYSTEMPATH/CLI/Console.php(47): CodeIgniter\CLI\Commands->run()
12 SYSTEMPATH/Boot.php(442): CodeIgniter\CLI\Console->run()
13 SYSTEMPATH/Boot.php(166): CodeIgniter\Boot::runCommand()
14 ROOTPATH/spark(87): CodeIgniter\Boot::bootSpark()
ERROR - 2026-05-13 08:51:12 --> near ")": syntax error
in SYSTEMPATH/Database/SQLite3/Connection.php on line 163.
 1 SYSTEMPATH/Database/SQLite3/Connection.php(163): SQLite3->exec()
 2 SYSTEMPATH/Database/BaseConnection.php(910): CodeIgniter\Database\SQLite3\Connection->execute()
 3 SYSTEMPATH/Database/BaseConnection.php(827): CodeIgniter\Database\BaseConnection->simpleQuery()
 4 SYSTEMPATH/Database/BaseBuilder.php(1841): CodeIgniter\Database\BaseConnection->query()
 5 SYSTEMPATH/Database/BaseBuilder.php(2230): CodeIgniter\Database\BaseBuilder->batchExecute()
 6 APPPATH/Database/Seeds/DemoSeeder.php(101): CodeIgniter\Database\BaseBuilder->insertBatch()
 7 SYSTEMPATH/Database/Seeder.php(155): App\Database\Seeds\DemoSeeder->run()
 8 APPPATH/Database/Seeds/DatabaseSeeder.php(11): CodeIgniter\Database\Seeder->call()
 9 SYSTEMPATH/Database/Seeder.php(155): App\Database\Seeds\DatabaseSeeder->run()
10 SYSTEMPATH/Commands/Database/Seed.php(79): CodeIgniter\Database\Seeder->call()
11 SYSTEMPATH/CLI/Commands.php(74): CodeIgniter\Commands\Database\Seed->run()
12 SYSTEMPATH/CLI/Console.php(47): CodeIgniter\CLI\Commands->run()
13 SYSTEMPATH/Boot.php(442): CodeIgniter\CLI\Console->run()
14 SYSTEMPATH/Boot.php(166): CodeIgniter\Boot::runCommand()
15 ROOTPATH/spark(87): CodeIgniter\Boot::bootSpark()
ERROR - 2026-05-13 09:06:49 --> UNIQUE constraint failed: conge_employes.email
in SYSTEMPATH/Database/SQLite3/Connection.php on line 163.
 1 SYSTEMPATH/Database/SQLite3/Connection.php(163): SQLite3->exec()
 2 SYSTEMPATH/Database/BaseConnection.php(910): CodeIgniter\Database\SQLite3\Connection->execute()
 3 SYSTEMPATH/Database/BaseConnection.php(827): CodeIgniter\Database\BaseConnection->simpleQuery()
 4 SYSTEMPATH/Database/BaseBuilder.php(1841): CodeIgniter\Database\BaseConnection->query()
 5 SYSTEMPATH/Database/BaseBuilder.php(2230): CodeIgniter\Database\BaseBuilder->batchExecute()
 6 APPPATH/Database/Seeds/DemoSeeder.php(67): CodeIgniter\Database\BaseBuilder->insertBatch()
 7 SYSTEMPATH/Database/Seeder.php(155): App\Database\Seeds\DemoSeeder->run()
 8 APPPATH/Database/Seeds/DatabaseSeeder.php(11): CodeIgniter\Database\Seeder->call()
 9 SYSTEMPATH/Database/Seeder.php(155): App\Database\Seeds\DatabaseSeeder->run()
10 SYSTEMPATH/Commands/Database/Seed.php(79): CodeIgniter\Database\Seeder->call()
11 SYSTEMPATH/CLI/Commands.php(74): CodeIgniter\Commands\Database\Seed->run()
12 SYSTEMPATH/CLI/Console.php(47): CodeIgniter\CLI\Commands->run()
13 SYSTEMPATH/Boot.php(442): CodeIgniter\CLI\Console->run()
14 SYSTEMPATH/Boot.php(166): CodeIgniter\Boot::runCommand()
15 ROOTPATH/spark(87): CodeIgniter\Boot::bootSpark()
ERROR - 2026-05-13 09:06:51 --> near ")": syntax error
in SYSTEMPATH/Database/SQLite3/Connection.php on line 163.
 1 SYSTEMPATH/Database/SQLite3/Connection.php(163): SQLite3->exec()
 2 SYSTEMPATH/Database/BaseConnection.php(910): CodeIgniter\Database\SQLite3\Connection->execute()
 3 SYSTEMPATH/Database/BaseConnection.php(827): CodeIgniter\Database\BaseConnection->simpleQuery()
 4 SYSTEMPATH/Database/BaseBuilder.php(1841): CodeIgniter\Database\BaseConnection->query()
 5 SYSTEMPATH/Database/BaseBuilder.php(2230): CodeIgniter\Database\BaseBuilder->batchExecute()
 6 APPPATH/Database/Seeds/DemoSeeder.php(101): CodeIgniter\Database\BaseBuilder->insertBatch()
 7 SYSTEMPATH/Database/Seeder.php(155): App\Database\Seeds\DemoSeeder->run()
 8 APPPATH/Database/Seeds/DatabaseSeeder.php(11): CodeIgniter\Database\Seeder->call()
 9 SYSTEMPATH/Database/Seeder.php(155): App\Database\Seeds\DatabaseSeeder->run()
10 SYSTEMPATH/Commands/Database/Seed.php(79): CodeIgniter\Database\Seeder->call()
11 SYSTEMPATH/CLI/Commands.php(74): CodeIgniter\Commands\Database\Seed->run()
12 SYSTEMPATH/CLI/Console.php(47): CodeIgniter\CLI\Commands->run()
13 SYSTEMPATH/Boot.php(442): CodeIgniter\CLI\Console->run()
14 SYSTEMPATH/Boot.php(166): CodeIgniter\Boot::runCommand()
15 ROOTPATH/spark(87): CodeIgniter\Boot::bootSpark()
ERROR - 2026-05-13 09:16:00 --> UNIQUE constraint failed: conge_employes.email
in SYSTEMPATH/Database/SQLite3/Connection.php on line 163.
 1 SYSTEMPATH/Database/SQLite3/Connection.php(163): SQLite3->exec()
 2 SYSTEMPATH/Database/BaseConnection.php(910): CodeIgniter\Database\SQLite3\Connection->execute()
 3 SYSTEMPATH/Database/BaseConnection.php(827): CodeIgniter\Database\BaseConnection->simpleQuery()
 4 SYSTEMPATH/Database/BaseBuilder.php(1841): CodeIgniter\Database\BaseConnection->query()
 5 SYSTEMPATH/Database/BaseBuilder.php(2230): CodeIgniter\Database\BaseBuilder->batchExecute()
 6 APPPATH/Database/Seeds/DemoSeeder.php(67): CodeIgniter\Database\BaseBuilder->insertBatch()
 7 SYSTEMPATH/Database/Seeder.php(155): App\Database\Seeds\DemoSeeder->run()
 8 APPPATH/Database/Seeds/DatabaseSeeder.php(11): CodeIgniter\Database\Seeder->call()
 9 SYSTEMPATH/Database/Seeder.php(155): App\Database\Seeds\DatabaseSeeder->run()
10 SYSTEMPATH/Commands/Database/Seed.php(79): CodeIgniter\Database\Seeder->call()
11 SYSTEMPATH/CLI/Commands.php(74): CodeIgniter\Commands\Database\Seed->run()
12 SYSTEMPATH/CLI/Console.php(47): CodeIgniter\CLI\Commands->run()
13 SYSTEMPATH/Boot.php(442): CodeIgniter\CLI\Console->run()
14 SYSTEMPATH/Boot.php(166): CodeIgniter\Boot::runCommand()
15 ROOTPATH/spark(87): CodeIgniter\Boot::bootSpark()
ERROR - 2026-05-13 09:16:02 --> near ")": syntax error
in SYSTEMPATH/Database/SQLite3/Connection.php on line 163.
 1 SYSTEMPATH/Database/SQLite3/Connection.php(163): SQLite3->exec()
 2 SYSTEMPATH/Database/BaseConnection.php(910): CodeIgniter\Database\SQLite3\Connection->execute()
 3 SYSTEMPATH/Database/BaseConnection.php(827): CodeIgniter\Database\BaseConnection->simpleQuery()
 4 SYSTEMPATH/Database/BaseBuilder.php(1841): CodeIgniter\Database\BaseConnection->query()
 5 SYSTEMPATH/Database/BaseBuilder.php(2230): CodeIgniter\Database\BaseBuilder->batchExecute()
 6 APPPATH/Database/Seeds/DemoSeeder.php(101): CodeIgniter\Database\BaseBuilder->insertBatch()
 7 SYSTEMPATH/Database/Seeder.php(155): App\Database\Seeds\DemoSeeder->run()
 8 APPPATH/Database/Seeds/DatabaseSeeder.php(11): CodeIgniter\Database\Seeder->call()
 9 SYSTEMPATH/Database/Seeder.php(155): App\Database\Seeds\DatabaseSeeder->run()
10 SYSTEMPATH/Commands/Database/Seed.php(79): CodeIgniter\Database\Seeder->call()
11 SYSTEMPATH/CLI/Commands.php(74): CodeIgniter\Commands\Database\Seed->run()
12 SYSTEMPATH/CLI/Console.php(47): CodeIgniter\CLI\Commands->run()
13 SYSTEMPATH/Boot.php(442): CodeIgniter\CLI\Console->run()
14 SYSTEMPATH/Boot.php(166): CodeIgniter\Boot::runCommand()
15 ROOTPATH/spark(87): CodeIgniter\Boot::bootSpark()
ERROR - 2026-05-13 09:16:31 --> UNIQUE constraint failed: conge_employes.email
in SYSTEMPATH/Database/SQLite3/Connection.php on line 163.
 1 SYSTEMPATH/Database/SQLite3/Connection.php(163): SQLite3->exec()
 2 SYSTEMPATH/Database/BaseConnection.php(910): CodeIgniter\Database\SQLite3\Connection->execute()
 3 SYSTEMPATH/Database/BaseConnection.php(827): CodeIgniter\Database\BaseConnection->simpleQuery()
 4 SYSTEMPATH/Database/BaseBuilder.php(1841): CodeIgniter\Database\BaseConnection->query()
 5 SYSTEMPATH/Database/BaseBuilder.php(2230): CodeIgniter\Database\BaseBuilder->batchExecute()
 6 APPPATH/Database/Seeds/DemoSeeder.php(67): CodeIgniter\Database\BaseBuilder->insertBatch()
 7 SYSTEMPATH/Database/Seeder.php(155): App\Database\Seeds\DemoSeeder->run()
 8 APPPATH/Database/Seeds/DatabaseSeeder.php(11): CodeIgniter\Database\Seeder->call()
 9 SYSTEMPATH/Database/Seeder.php(155): App\Database\Seeds\DatabaseSeeder->run()
10 SYSTEMPATH/Commands/Database/Seed.php(79): CodeIgniter\Database\Seeder->call()
11 SYSTEMPATH/CLI/Commands.php(74): CodeIgniter\Commands\Database\Seed->run()
12 SYSTEMPATH/CLI/Console.php(47): CodeIgniter\CLI\Commands->run()
13 SYSTEMPATH/Boot.php(442): CodeIgniter\CLI\Console->run()
14 SYSTEMPATH/Boot.php(166): CodeIgniter\Boot::runCommand()
15 ROOTPATH/spark(87): CodeIgniter\Boot::bootSpark()
ERROR - 2026-05-13 09:16:34 --> near ")": syntax error
in SYSTEMPATH/Database/SQLite3/Connection.php on line 163.
 1 SYSTEMPATH/Database/SQLite3/Connection.php(163): SQLite3->exec()
 2 SYSTEMPATH/Database/BaseConnection.php(910): CodeIgniter\Database\SQLite3\Connection->execute()
 3 SYSTEMPATH/Database/BaseConnection.php(827): CodeIgniter\Database\BaseConnection->simpleQuery()
 4 SYSTEMPATH/Database/BaseBuilder.php(1841): CodeIgniter\Database\BaseConnection->query()
 5 SYSTEMPATH/Database/BaseBuilder.php(2230): CodeIgniter\Database\BaseBuilder->batchExecute()
 6 APPPATH/Database/Seeds/DemoSeeder.php(101): CodeIgniter\Database\BaseBuilder->insertBatch()
 7 SYSTEMPATH/Database/Seeder.php(155): App\Database\Seeds\DemoSeeder->run()
 8 APPPATH/Database/Seeds/DatabaseSeeder.php(11): CodeIgniter\Database\Seeder->call()
 9 SYSTEMPATH/Database/Seeder.php(155): App\Database\Seeds\DatabaseSeeder->run()
10 SYSTEMPATH/Commands/Database/Seed.php(79): CodeIgniter\Database\Seeder->call()
11 SYSTEMPATH/CLI/Commands.php(74): CodeIgniter\Commands\Database\Seed->run()
12 SYSTEMPATH/CLI/Console.php(47): CodeIgniter\CLI\Commands->run()
13 SYSTEMPATH/Boot.php(442): CodeIgniter\CLI\Console->run()
14 SYSTEMPATH/Boot.php(166): CodeIgniter\Boot::runCommand()
15 ROOTPATH/spark(87): CodeIgniter\Boot::bootSpark()
ERROR - 2026-05-13 09:31:28 --> near ")": syntax error
in SYSTEMPATH/Database/SQLite3/Connection.php on line 163.
 1 SYSTEMPATH/Database/SQLite3/Connection.php(163): SQLite3->exec()
 2 SYSTEMPATH/Database/BaseConnection.php(910): CodeIgniter\Database\SQLite3\Connection->execute()
 3 SYSTEMPATH/Database/BaseConnection.php(827): CodeIgniter\Database\BaseConnection->simpleQuery()
 4 SYSTEMPATH/Database/BaseBuilder.php(1841): CodeIgniter\Database\BaseConnection->query()
 5 SYSTEMPATH/Database/BaseBuilder.php(2230): CodeIgniter\Database\BaseBuilder->batchExecute()
 6 APPPATH/Database/Seeds/DemoSeeder.php(101): CodeIgniter\Database\BaseBuilder->insertBatch()
 7 SYSTEMPATH/Database/Seeder.php(155): App\Database\Seeds\DemoSeeder->run()
 8 APPPATH/Database/Seeds/DatabaseSeeder.php(11): CodeIgniter\Database\Seeder->call()
 9 SYSTEMPATH/Database/Seeder.php(155): App\Database\Seeds\DatabaseSeeder->run()
10 SYSTEMPATH/Commands/Database/Seed.php(79): CodeIgniter\Database\Seeder->call()
11 SYSTEMPATH/CLI/Commands.php(74): CodeIgniter\Commands\Database\Seed->run()
12 SYSTEMPATH/CLI/Console.php(47): CodeIgniter\CLI\Commands->run()
13 SYSTEMPATH/Boot.php(442): CodeIgniter\CLI\Console->run()
14 SYSTEMPATH/Boot.php(166): CodeIgniter\Boot::runCommand()
15 ROOTPATH/spark(87): CodeIgniter\Boot::bootSpark()
